d:\projects\graphics\datavisualiser\x64\release\vc143.pdb
d:\projects\graphics\datavisualiser\x64\release\gravity_vec_field_app.obj
d:\projects\graphics\datavisualiser\x64\release\simple_render_system.obj
d:\projects\graphics\datavisualiser\x64\release\sierpinski_triangle.obj
d:\projects\graphics\datavisualiser\x64\release\lve_device.obj
d:\projects\graphics\datavisualiser\x64\release\main.obj
d:\projects\graphics\datavisualiser\x64\release\lve_window.obj
d:\projects\graphics\datavisualiser\x64\release\lve_swap_chain.obj
d:\projects\graphics\datavisualiser\x64\release\lve_renderer.obj
d:\projects\graphics\datavisualiser\x64\release\lve_pipeline.obj
d:\projects\graphics\datavisualiser\x64\release\lve_model.obj
d:\projects\graphics\datavisualiser\x64\release\first_app.obj
d:\projects\graphics\datavisualiser\x64\release\datavisualiser.ipdb
d:\projects\graphics\datavisualiser\x64\release\datavisualiser.iobj
d:\projects\graphics\datavisualiser\x64\release\datavisualiser.exe
d:\projects\graphics\datavisualiser\x64\release\datavisualiser.pdb
d:\projects\graphics\datavisualiser\x64\release\datavisualiser.tlog\cl.command.1.tlog
d:\projects\graphics\datavisualiser\x64\release\datavisualiser.tlog\cl.read.1.tlog
d:\projects\graphics\datavisualiser\x64\release\datavisualiser.tlog\cl.write.1.tlog
d:\projects\graphics\datavisualiser\x64\release\datavisualiser.tlog\datavisualiser.write.1u.tlog
d:\projects\graphics\datavisualiser\x64\release\datavisualiser.tlog\link.command.1.tlog
d:\projects\graphics\datavisualiser\x64\release\datavisualiser.tlog\link.read.1.tlog
d:\projects\graphics\datavisualiser\x64\release\datavisualiser.tlog\link.write.1.tlog
