d:\projects\graphics\datavisualiser\x64\debug\vc143.pdb
d:\projects\graphics\datavisualiser\x64\debug\vc143.idb
d:\projects\graphics\datavisualiser\x64\debug\gravity_vec_field_app.obj
d:\projects\graphics\datavisualiser\x64\debug\simple_render_system.obj
d:\projects\graphics\datavisualiser\x64\debug\sierpinski_triangle.obj
d:\projects\graphics\datavisualiser\x64\debug\my_first_app.obj
d:\projects\graphics\datavisualiser\x64\debug\lve_device.obj
d:\projects\graphics\datavisualiser\x64\debug\main.obj
d:\projects\graphics\datavisualiser\x64\debug\lve_window.obj
d:\projects\graphics\datavisualiser\x64\debug\lve_swap_chain.obj
d:\projects\graphics\datavisualiser\x64\debug\lve_renderer.obj
d:\projects\graphics\datavisualiser\x64\debug\lve_pipeline.obj
d:\projects\graphics\datavisualiser\x64\debug\lve_model.obj
d:\projects\graphics\datavisualiser\x64\debug\first_app.obj
d:\projects\graphics\datavisualiser\x64\debug\datavisualiser.exe
d:\projects\graphics\datavisualiser\x64\debug\datavisualiser.ilk
d:\projects\graphics\datavisualiser\x64\debug\datavisualiser.pdb
d:\projects\graphics\datavisualiser\x64\debug\datavisualiser.tlog\cl.command.1.tlog
d:\projects\graphics\datavisualiser\x64\debug\datavisualiser.tlog\cl.read.1.tlog
d:\projects\graphics\datavisualiser\x64\debug\datavisualiser.tlog\cl.write.1.tlog
d:\projects\graphics\datavisualiser\x64\debug\datavisualiser.tlog\link.command.1.tlog
d:\projects\graphics\datavisualiser\x64\debug\datavisualiser.tlog\link.read.1.tlog
d:\projects\graphics\datavisualiser\x64\debug\datavisualiser.tlog\link.write.1.tlog
